<?xml version="1.0" encoding="UTF-8"?>
<testng-results ignored="0" total="1" passed="1" failed="0" skipped="0">
  <reporter-output>
  </reporter-output>
  <suite started-at="2023-04-20T00:41:31 AST" name="Default suite" finished-at="2023-04-20T00:41:58 AST" duration-ms="26601">
    <groups>
    </groups>
    <test started-at="2023-04-20T00:41:31 AST" name="Default test" finished-at="2023-04-20T00:41:58 AST" duration-ms="26601">
      <class name="appiunm_ff.MyTestCases">
        <test-method is-config="true" signature="myBeforeTest()[pri:0, instance:appiunm_ff.MyTestCases@3a44431a]" started-at="2023-04-20T00:41:31 AST" name="myBeforeTest" finished-at="2023-04-20T00:41:31 AST" duration-ms="21" status="PASS">
          <reporter-output>
          </reporter-output>
        </test-method> <!-- myBeforeTest -->
        <test-method signature="clickOnAllDigit()[pri:0, instance:appiunm_ff.MyTestCases@3a44431a]" started-at="2023-04-20T00:41:31 AST" name="clickOnAllDigit" finished-at="2023-04-20T00:41:58 AST" duration-ms="26528" status="PASS">
          <reporter-output>
          </reporter-output>
        </test-method> <!-- clickOnAllDigit -->
        <test-method is-config="true" signature="myAfterTest()[pri:0, instance:appiunm_ff.MyTestCases@3a44431a]" started-at="2023-04-20T00:41:58 AST" name="myAfterTest" finished-at="2023-04-20T00:41:58 AST" duration-ms="1" status="PASS">
          <reporter-output>
          </reporter-output>
        </test-method> <!-- myAfterTest -->
      </class> <!-- appiunm_ff.MyTestCases -->
    </test> <!-- Default test -->
  </suite> <!-- Default suite -->
</testng-results>
